2020-07-30 18:40:07,553 INFO 26372 [Timer] E:\liuyu\egg\egg-nuxt-ssr\test\node_modules\egg-multipart\app\schedule\clean_tmpdir.js next time will execute after 35392451ms at 2020-07-31 04:30:00.003
2020-07-30 18:40:07,553 INFO 26372 [Timer] E:\liuyu\egg\egg-nuxt-ssr\test\node_modules\egg-logrotator\app\schedule\clean_log.js next time will execute after 19192447ms at 2020-07-31 00:00:00.000
2020-07-30 18:40:07,553 INFO 26372 [Timer] E:\liuyu\egg\egg-nuxt-ssr\test\node_modules\egg-logrotator\app\schedule\rotate_by_file.js next time will execute after 19193447ms at 2020-07-31 00:00:01.000
2020-07-30 18:40:07,090 INFO 10972 [egg-schedule]: register schedule E:\liuyu\egg\egg-nuxt-ssr\test\node_modules\egg-multipart\app\schedule\clean_tmpdir.js
2020-07-30 18:40:07,090 INFO 10972 [egg-schedule]: register schedule E:\liuyu\egg\egg-nuxt-ssr\test\node_modules\egg-logrotator\app\schedule\clean_log.js
2020-07-30 18:40:07,090 INFO 10972 [egg-schedule]: register schedule E:\liuyu\egg\egg-nuxt-ssr\test\node_modules\egg-logrotator\app\schedule\rotate_by_file.js
2020-07-30 18:43:17,029 INFO 25124 [egg-schedule]: register schedule E:\liuyu\egg\egg-nuxt-ssr\test\node_modules\egg-multipart\app\schedule\clean_tmpdir.js
2020-07-30 18:43:17,030 INFO 25124 [egg-schedule]: register schedule E:\liuyu\egg\egg-nuxt-ssr\test\node_modules\egg-logrotator\app\schedule\clean_log.js
2020-07-30 18:43:17,030 INFO 25124 [egg-schedule]: register schedule E:\liuyu\egg\egg-nuxt-ssr\test\node_modules\egg-logrotator\app\schedule\rotate_by_file.js
2020-07-30 18:43:28,304 INFO 23384 [egg-schedule]: register schedule E:\liuyu\egg\egg-nuxt-ssr\test\node_modules\egg-multipart\app\schedule\clean_tmpdir.js
2020-07-30 18:43:28,304 INFO 23384 [egg-schedule]: register schedule E:\liuyu\egg\egg-nuxt-ssr\test\node_modules\egg-logrotator\app\schedule\clean_log.js
2020-07-30 18:43:28,304 INFO 23384 [egg-schedule]: register schedule E:\liuyu\egg\egg-nuxt-ssr\test\node_modules\egg-logrotator\app\schedule\rotate_by_file.js
2020-07-30 18:43:54,197 INFO 18008 [egg-schedule]: register schedule E:\liuyu\egg\egg-nuxt-ssr\test\node_modules\egg-multipart\app\schedule\clean_tmpdir.js
2020-07-30 18:43:54,197 INFO 18008 [egg-schedule]: register schedule E:\liuyu\egg\egg-nuxt-ssr\test\node_modules\egg-logrotator\app\schedule\clean_log.js
2020-07-30 18:43:54,197 INFO 18008 [egg-schedule]: register schedule E:\liuyu\egg\egg-nuxt-ssr\test\node_modules\egg-logrotator\app\schedule\rotate_by_file.js
2020-07-30 19:38:49,765 INFO 13636 [Timer] E:\liuyu\egg\egg-nuxt-ssr\test\node_modules\egg-multipart\app\schedule\clean_tmpdir.js next time will execute after 31870239ms at 2020-07-31 04:30:00.004
2020-07-30 19:38:49,765 INFO 13636 [Timer] E:\liuyu\egg\egg-nuxt-ssr\test\node_modules\egg-logrotator\app\schedule\clean_log.js next time will execute after 15670235ms at 2020-07-31 00:00:00.000
2020-07-30 19:38:49,766 INFO 13636 [Timer] E:\liuyu\egg\egg-nuxt-ssr\test\node_modules\egg-logrotator\app\schedule\rotate_by_file.js next time will execute after 15671235ms at 2020-07-31 00:00:01.001
2020-07-30 19:38:49,303 INFO 11932 [egg-schedule]: register schedule E:\liuyu\egg\egg-nuxt-ssr\test\node_modules\egg-multipart\app\schedule\clean_tmpdir.js
2020-07-30 19:38:49,303 INFO 11932 [egg-schedule]: register schedule E:\liuyu\egg\egg-nuxt-ssr\test\node_modules\egg-logrotator\app\schedule\clean_log.js
2020-07-30 19:38:49,303 INFO 11932 [egg-schedule]: register schedule E:\liuyu\egg\egg-nuxt-ssr\test\node_modules\egg-logrotator\app\schedule\rotate_by_file.js
2020-07-30 19:42:03,244 INFO 1200 [Timer] E:\liuyu\egg\egg-nuxt-ssr\test\node_modules\egg-multipart\app\schedule\clean_tmpdir.js next time will execute after 31676760ms at 2020-07-31 04:30:00.004
2020-07-30 19:42:03,244 INFO 1200 [Timer] E:\liuyu\egg\egg-nuxt-ssr\test\node_modules\egg-logrotator\app\schedule\clean_log.js next time will execute after 15476756ms at 2020-07-31 00:00:00.000
2020-07-30 19:42:03,245 INFO 1200 [Timer] E:\liuyu\egg\egg-nuxt-ssr\test\node_modules\egg-logrotator\app\schedule\rotate_by_file.js next time will execute after 15477756ms at 2020-07-31 00:00:01.001
2020-07-30 19:42:02,875 INFO 18952 [egg-schedule]: register schedule E:\liuyu\egg\egg-nuxt-ssr\test\node_modules\egg-multipart\app\schedule\clean_tmpdir.js
2020-07-30 19:42:02,875 INFO 18952 [egg-schedule]: register schedule E:\liuyu\egg\egg-nuxt-ssr\test\node_modules\egg-logrotator\app\schedule\clean_log.js
2020-07-30 19:42:02,875 INFO 18952 [egg-schedule]: register schedule E:\liuyu\egg\egg-nuxt-ssr\test\node_modules\egg-logrotator\app\schedule\rotate_by_file.js
2020-07-30 19:44:52,012 INFO 10156 [egg-schedule]: register schedule E:\liuyu\egg\egg-nuxt-ssr\test\node_modules\egg-multipart\app\schedule\clean_tmpdir.js
2020-07-30 19:44:52,013 INFO 10156 [egg-schedule]: register schedule E:\liuyu\egg\egg-nuxt-ssr\test\node_modules\egg-logrotator\app\schedule\clean_log.js
2020-07-30 19:44:52,013 INFO 10156 [egg-schedule]: register schedule E:\liuyu\egg\egg-nuxt-ssr\test\node_modules\egg-logrotator\app\schedule\rotate_by_file.js
2020-07-30 19:45:02,680 INFO 24444 [egg-schedule]: register schedule E:\liuyu\egg\egg-nuxt-ssr\test\node_modules\egg-multipart\app\schedule\clean_tmpdir.js
2020-07-30 19:45:02,680 INFO 24444 [egg-schedule]: register schedule E:\liuyu\egg\egg-nuxt-ssr\test\node_modules\egg-logrotator\app\schedule\clean_log.js
2020-07-30 19:45:02,680 INFO 24444 [egg-schedule]: register schedule E:\liuyu\egg\egg-nuxt-ssr\test\node_modules\egg-logrotator\app\schedule\rotate_by_file.js
2020-07-30 19:45:31,473 INFO 16420 [egg-schedule]: register schedule E:\liuyu\egg\egg-nuxt-ssr\test\node_modules\egg-multipart\app\schedule\clean_tmpdir.js
2020-07-30 19:45:31,473 INFO 16420 [egg-schedule]: register schedule E:\liuyu\egg\egg-nuxt-ssr\test\node_modules\egg-logrotator\app\schedule\clean_log.js
2020-07-30 19:45:31,473 INFO 16420 [egg-schedule]: register schedule E:\liuyu\egg\egg-nuxt-ssr\test\node_modules\egg-logrotator\app\schedule\rotate_by_file.js
2020-07-31 16:01:46,346 INFO 18052 [Timer] E:\liuyu\egg\egg-nuxt-ssr\test\node_modules\egg-multipart\app\schedule\clean_tmpdir.js next time will execute after 44893659ms at 2020-08-01 04:30:00.005
2020-07-31 16:01:46,346 INFO 18052 [Timer] E:\liuyu\egg\egg-nuxt-ssr\test\node_modules\egg-logrotator\app\schedule\clean_log.js next time will execute after 28693654ms at 2020-08-01 00:00:00.000
2020-07-31 16:01:46,347 INFO 18052 [Timer] E:\liuyu\egg\egg-nuxt-ssr\test\node_modules\egg-logrotator\app\schedule\rotate_by_file.js next time will execute after 28694653ms at 2020-08-01 00:00:01.000
2020-07-31 16:01:45,650 INFO 13308 [egg-schedule]: register schedule E:\liuyu\egg\egg-nuxt-ssr\test\node_modules\egg-multipart\app\schedule\clean_tmpdir.js
2020-07-31 16:01:45,650 INFO 13308 [egg-schedule]: register schedule E:\liuyu\egg\egg-nuxt-ssr\test\node_modules\egg-logrotator\app\schedule\clean_log.js
2020-07-31 16:01:45,650 INFO 13308 [egg-schedule]: register schedule E:\liuyu\egg\egg-nuxt-ssr\test\node_modules\egg-logrotator\app\schedule\rotate_by_file.js
2020-07-31 16:13:29,452 INFO 23356 [Timer] E:\liuyu\egg\egg-nuxt-ssr\test\node_modules\egg-multipart\app\schedule\clean_tmpdir.js next time will execute after 44190552ms at 2020-08-01 04:30:00.004
2020-07-31 16:13:29,453 INFO 23356 [Timer] E:\liuyu\egg\egg-nuxt-ssr\test\node_modules\egg-logrotator\app\schedule\clean_log.js next time will execute after 27990547ms at 2020-08-01 00:00:00.000
2020-07-31 16:13:29,453 INFO 23356 [Timer] E:\liuyu\egg\egg-nuxt-ssr\test\node_modules\egg-logrotator\app\schedule\rotate_by_file.js next time will execute after 27991547ms at 2020-08-01 00:00:01.000
2020-07-31 16:13:28,863 INFO 19916 [egg-schedule]: register schedule E:\liuyu\egg\egg-nuxt-ssr\test\node_modules\egg-multipart\app\schedule\clean_tmpdir.js
2020-07-31 16:13:28,863 INFO 19916 [egg-schedule]: register schedule E:\liuyu\egg\egg-nuxt-ssr\test\node_modules\egg-logrotator\app\schedule\clean_log.js
2020-07-31 16:13:28,863 INFO 19916 [egg-schedule]: register schedule E:\liuyu\egg\egg-nuxt-ssr\test\node_modules\egg-logrotator\app\schedule\rotate_by_file.js
2020-07-31 16:13:37,743 INFO 13852 [egg-schedule]: register schedule E:\liuyu\egg\egg-nuxt-ssr\test\node_modules\egg-multipart\app\schedule\clean_tmpdir.js
2020-07-31 16:13:37,743 INFO 13852 [egg-schedule]: register schedule E:\liuyu\egg\egg-nuxt-ssr\test\node_modules\egg-logrotator\app\schedule\clean_log.js
2020-07-31 16:13:37,743 INFO 13852 [egg-schedule]: register schedule E:\liuyu\egg\egg-nuxt-ssr\test\node_modules\egg-logrotator\app\schedule\rotate_by_file.js
2020-07-31 16:14:23,431 INFO 13528 [egg-schedule]: register schedule E:\liuyu\egg\egg-nuxt-ssr\test\node_modules\egg-multipart\app\schedule\clean_tmpdir.js
2020-07-31 16:14:23,431 INFO 13528 [egg-schedule]: register schedule E:\liuyu\egg\egg-nuxt-ssr\test\node_modules\egg-logrotator\app\schedule\clean_log.js
2020-07-31 16:14:23,431 INFO 13528 [egg-schedule]: register schedule E:\liuyu\egg\egg-nuxt-ssr\test\node_modules\egg-logrotator\app\schedule\rotate_by_file.js
2020-07-31 16:15:00,103 INFO 23120 [egg-schedule]: register schedule E:\liuyu\egg\egg-nuxt-ssr\test\node_modules\egg-multipart\app\schedule\clean_tmpdir.js
2020-07-31 16:15:00,103 INFO 23120 [egg-schedule]: register schedule E:\liuyu\egg\egg-nuxt-ssr\test\node_modules\egg-logrotator\app\schedule\clean_log.js
2020-07-31 16:15:00,103 INFO 23120 [egg-schedule]: register schedule E:\liuyu\egg\egg-nuxt-ssr\test\node_modules\egg-logrotator\app\schedule\rotate_by_file.js
2020-07-31 16:15:27,774 INFO 11928 [egg-schedule]: register schedule E:\liuyu\egg\egg-nuxt-ssr\test\node_modules\egg-multipart\app\schedule\clean_tmpdir.js
2020-07-31 16:15:27,774 INFO 11928 [egg-schedule]: register schedule E:\liuyu\egg\egg-nuxt-ssr\test\node_modules\egg-logrotator\app\schedule\clean_log.js
2020-07-31 16:15:27,774 INFO 11928 [egg-schedule]: register schedule E:\liuyu\egg\egg-nuxt-ssr\test\node_modules\egg-logrotator\app\schedule\rotate_by_file.js
2020-07-31 16:15:55,264 INFO 24396 [egg-schedule]: register schedule E:\liuyu\egg\egg-nuxt-ssr\test\node_modules\egg-multipart\app\schedule\clean_tmpdir.js
2020-07-31 16:15:55,264 INFO 24396 [egg-schedule]: register schedule E:\liuyu\egg\egg-nuxt-ssr\test\node_modules\egg-logrotator\app\schedule\clean_log.js
2020-07-31 16:15:55,264 INFO 24396 [egg-schedule]: register schedule E:\liuyu\egg\egg-nuxt-ssr\test\node_modules\egg-logrotator\app\schedule\rotate_by_file.js
2020-07-31 16:58:13,752 INFO 11788 [egg-schedule]: register schedule E:\liuyu\egg\egg-nuxt-ssr\test\node_modules\egg-multipart\app\schedule\clean_tmpdir.js
2020-07-31 16:58:13,752 INFO 11788 [egg-schedule]: register schedule E:\liuyu\egg\egg-nuxt-ssr\test\node_modules\egg-logrotator\app\schedule\clean_log.js
2020-07-31 16:58:13,752 INFO 11788 [egg-schedule]: register schedule E:\liuyu\egg\egg-nuxt-ssr\test\node_modules\egg-logrotator\app\schedule\rotate_by_file.js
2020-07-31 16:58:15,454 INFO 15332 [Timer] E:\liuyu\egg\egg-nuxt-ssr\test\node_modules\egg-multipart\app\schedule\clean_tmpdir.js next time will execute after 41504551ms at 2020-08-01 04:30:00.005
2020-07-31 16:58:15,455 INFO 15332 [Timer] E:\liuyu\egg\egg-nuxt-ssr\test\node_modules\egg-logrotator\app\schedule\clean_log.js next time will execute after 25304546ms at 2020-08-01 00:00:00.001
2020-07-31 16:58:15,455 INFO 15332 [Timer] E:\liuyu\egg\egg-nuxt-ssr\test\node_modules\egg-logrotator\app\schedule\rotate_by_file.js next time will execute after 25305545ms at 2020-08-01 00:00:01.000
2020-07-31 17:10:23,303 INFO 3900 [egg-schedule]: register schedule E:\liuyu\egg\egg-nuxt-ssr\test\node_modules\egg-multipart\app\schedule\clean_tmpdir.js
2020-07-31 17:10:23,303 INFO 3900 [egg-schedule]: register schedule E:\liuyu\egg\egg-nuxt-ssr\test\node_modules\egg-logrotator\app\schedule\clean_log.js
2020-07-31 17:10:23,303 INFO 3900 [egg-schedule]: register schedule E:\liuyu\egg\egg-nuxt-ssr\test\node_modules\egg-logrotator\app\schedule\rotate_by_file.js
2020-07-31 17:14:03,179 INFO 23412 [egg-schedule]: register schedule E:\liuyu\egg\egg-nuxt-ssr\test\node_modules\egg-multipart\app\schedule\clean_tmpdir.js
2020-07-31 17:14:03,179 INFO 23412 [egg-schedule]: register schedule E:\liuyu\egg\egg-nuxt-ssr\test\node_modules\egg-logrotator\app\schedule\clean_log.js
2020-07-31 17:14:03,179 INFO 23412 [egg-schedule]: register schedule E:\liuyu\egg\egg-nuxt-ssr\test\node_modules\egg-logrotator\app\schedule\rotate_by_file.js
2020-07-31 17:15:55,131 INFO 18472 [egg-schedule]: register schedule E:\liuyu\egg\egg-nuxt-ssr\test\node_modules\egg-multipart\app\schedule\clean_tmpdir.js
2020-07-31 17:15:55,131 INFO 18472 [egg-schedule]: register schedule E:\liuyu\egg\egg-nuxt-ssr\test\node_modules\egg-logrotator\app\schedule\clean_log.js
2020-07-31 17:15:55,131 INFO 18472 [egg-schedule]: register schedule E:\liuyu\egg\egg-nuxt-ssr\test\node_modules\egg-logrotator\app\schedule\rotate_by_file.js
2020-07-31 17:43:46,461 INFO 28328 [egg-schedule]: register schedule E:\liuyu\egg\egg-nuxt-ssr\test\node_modules\egg-multipart\app\schedule\clean_tmpdir.js
2020-07-31 17:43:46,461 INFO 28328 [egg-schedule]: register schedule E:\liuyu\egg\egg-nuxt-ssr\test\node_modules\egg-logrotator\app\schedule\clean_log.js
2020-07-31 17:43:46,461 INFO 28328 [egg-schedule]: register schedule E:\liuyu\egg\egg-nuxt-ssr\test\node_modules\egg-logrotator\app\schedule\rotate_by_file.js
2020-07-31 17:43:48,951 INFO 23416 [Timer] E:\liuyu\egg\egg-nuxt-ssr\test\node_modules\egg-multipart\app\schedule\clean_tmpdir.js next time will execute after 38771054ms at 2020-08-01 04:30:00.005
2020-07-31 17:43:48,952 INFO 23416 [Timer] E:\liuyu\egg\egg-nuxt-ssr\test\node_modules\egg-logrotator\app\schedule\clean_log.js next time will execute after 22571048ms at 2020-08-01 00:00:00.000
2020-07-31 17:43:48,953 INFO 23416 [Timer] E:\liuyu\egg\egg-nuxt-ssr\test\node_modules\egg-logrotator\app\schedule\rotate_by_file.js next time will execute after 22572048ms at 2020-08-01 00:00:01.001
2020-07-31 17:59:23,757 INFO 19916 [egg-schedule]: register schedule E:\liuyu\egg\egg-nuxt-ssr\test\node_modules\egg-multipart\app\schedule\clean_tmpdir.js
2020-07-31 17:59:23,757 INFO 19916 [egg-schedule]: register schedule E:\liuyu\egg\egg-nuxt-ssr\test\node_modules\egg-logrotator\app\schedule\clean_log.js
2020-07-31 17:59:23,757 INFO 19916 [egg-schedule]: register schedule E:\liuyu\egg\egg-nuxt-ssr\test\node_modules\egg-logrotator\app\schedule\rotate_by_file.js
2020-07-31 18:00:48,118 INFO 19932 [egg-schedule]: register schedule E:\liuyu\egg\egg-nuxt-ssr\test\node_modules\egg-multipart\app\schedule\clean_tmpdir.js
2020-07-31 18:00:48,118 INFO 19932 [egg-schedule]: register schedule E:\liuyu\egg\egg-nuxt-ssr\test\node_modules\egg-logrotator\app\schedule\clean_log.js
2020-07-31 18:00:48,118 INFO 19932 [egg-schedule]: register schedule E:\liuyu\egg\egg-nuxt-ssr\test\node_modules\egg-logrotator\app\schedule\rotate_by_file.js
2020-07-31 18:01:36,877 INFO 8516 [egg-schedule]: register schedule E:\liuyu\egg\egg-nuxt-ssr\test\node_modules\egg-multipart\app\schedule\clean_tmpdir.js
2020-07-31 18:01:36,877 INFO 8516 [egg-schedule]: register schedule E:\liuyu\egg\egg-nuxt-ssr\test\node_modules\egg-logrotator\app\schedule\clean_log.js
2020-07-31 18:01:36,877 INFO 8516 [egg-schedule]: register schedule E:\liuyu\egg\egg-nuxt-ssr\test\node_modules\egg-logrotator\app\schedule\rotate_by_file.js
2020-07-31 18:02:35,021 INFO 14296 [egg-schedule]: register schedule E:\liuyu\egg\egg-nuxt-ssr\test\node_modules\egg-multipart\app\schedule\clean_tmpdir.js
2020-07-31 18:02:35,021 INFO 14296 [egg-schedule]: register schedule E:\liuyu\egg\egg-nuxt-ssr\test\node_modules\egg-logrotator\app\schedule\clean_log.js
2020-07-31 18:02:35,021 INFO 14296 [egg-schedule]: register schedule E:\liuyu\egg\egg-nuxt-ssr\test\node_modules\egg-logrotator\app\schedule\rotate_by_file.js
2020-07-31 18:03:18,950 INFO 11340 [egg-schedule]: register schedule E:\liuyu\egg\egg-nuxt-ssr\test\node_modules\egg-multipart\app\schedule\clean_tmpdir.js
2020-07-31 18:03:18,950 INFO 11340 [egg-schedule]: register schedule E:\liuyu\egg\egg-nuxt-ssr\test\node_modules\egg-logrotator\app\schedule\clean_log.js
2020-07-31 18:03:18,950 INFO 11340 [egg-schedule]: register schedule E:\liuyu\egg\egg-nuxt-ssr\test\node_modules\egg-logrotator\app\schedule\rotate_by_file.js
2020-07-31 18:03:39,118 INFO 24384 [egg-schedule]: register schedule E:\liuyu\egg\egg-nuxt-ssr\test\node_modules\egg-multipart\app\schedule\clean_tmpdir.js
2020-07-31 18:03:39,118 INFO 24384 [egg-schedule]: register schedule E:\liuyu\egg\egg-nuxt-ssr\test\node_modules\egg-logrotator\app\schedule\clean_log.js
2020-07-31 18:03:39,119 INFO 24384 [egg-schedule]: register schedule E:\liuyu\egg\egg-nuxt-ssr\test\node_modules\egg-logrotator\app\schedule\rotate_by_file.js
2020-07-31 18:06:36,741 INFO 22324 [egg-schedule]: register schedule E:\liuyu\egg\egg-nuxt-ssr\test\node_modules\egg-multipart\app\schedule\clean_tmpdir.js
2020-07-31 18:06:36,741 INFO 22324 [egg-schedule]: register schedule E:\liuyu\egg\egg-nuxt-ssr\test\node_modules\egg-logrotator\app\schedule\clean_log.js
2020-07-31 18:06:36,741 INFO 22324 [egg-schedule]: register schedule E:\liuyu\egg\egg-nuxt-ssr\test\node_modules\egg-logrotator\app\schedule\rotate_by_file.js
2020-07-31 18:06:58,410 INFO 23756 [egg-schedule]: register schedule E:\liuyu\egg\egg-nuxt-ssr\test\node_modules\egg-multipart\app\schedule\clean_tmpdir.js
2020-07-31 18:06:58,410 INFO 23756 [egg-schedule]: register schedule E:\liuyu\egg\egg-nuxt-ssr\test\node_modules\egg-logrotator\app\schedule\clean_log.js
2020-07-31 18:06:58,410 INFO 23756 [egg-schedule]: register schedule E:\liuyu\egg\egg-nuxt-ssr\test\node_modules\egg-logrotator\app\schedule\rotate_by_file.js
2020-07-31 18:08:54,654 INFO 7776 [egg-schedule]: register schedule E:\liuyu\egg\egg-nuxt-ssr\test\node_modules\egg-multipart\app\schedule\clean_tmpdir.js
2020-07-31 18:08:54,655 INFO 7776 [egg-schedule]: register schedule E:\liuyu\egg\egg-nuxt-ssr\test\node_modules\egg-logrotator\app\schedule\clean_log.js
2020-07-31 18:08:54,655 INFO 7776 [egg-schedule]: register schedule E:\liuyu\egg\egg-nuxt-ssr\test\node_modules\egg-logrotator\app\schedule\rotate_by_file.js
2020-07-31 18:15:18,220 INFO 3476 [egg-schedule]: register schedule E:\liuyu\egg\egg-nuxt-ssr\test\node_modules\egg-multipart\app\schedule\clean_tmpdir.js
2020-07-31 18:15:18,220 INFO 3476 [egg-schedule]: register schedule E:\liuyu\egg\egg-nuxt-ssr\test\node_modules\egg-logrotator\app\schedule\clean_log.js
2020-07-31 18:15:18,220 INFO 3476 [egg-schedule]: register schedule E:\liuyu\egg\egg-nuxt-ssr\test\node_modules\egg-logrotator\app\schedule\rotate_by_file.js
2020-07-31 18:16:12,707 INFO 13332 [egg-schedule]: register schedule E:\liuyu\egg\egg-nuxt-ssr\test\node_modules\egg-multipart\app\schedule\clean_tmpdir.js
2020-07-31 18:16:12,708 INFO 13332 [egg-schedule]: register schedule E:\liuyu\egg\egg-nuxt-ssr\test\node_modules\egg-logrotator\app\schedule\clean_log.js
2020-07-31 18:16:12,708 INFO 13332 [egg-schedule]: register schedule E:\liuyu\egg\egg-nuxt-ssr\test\node_modules\egg-logrotator\app\schedule\rotate_by_file.js
2020-07-31 18:17:24,164 INFO 8080 [egg-schedule]: register schedule E:\liuyu\egg\egg-nuxt-ssr\test\node_modules\egg-multipart\app\schedule\clean_tmpdir.js
2020-07-31 18:17:24,164 INFO 8080 [egg-schedule]: register schedule E:\liuyu\egg\egg-nuxt-ssr\test\node_modules\egg-logrotator\app\schedule\clean_log.js
2020-07-31 18:17:24,164 INFO 8080 [egg-schedule]: register schedule E:\liuyu\egg\egg-nuxt-ssr\test\node_modules\egg-logrotator\app\schedule\rotate_by_file.js
2020-07-31 18:18:39,783 INFO 32 [egg-schedule]: register schedule E:\liuyu\egg\egg-nuxt-ssr\test\node_modules\egg-multipart\app\schedule\clean_tmpdir.js
2020-07-31 18:18:39,783 INFO 32 [egg-schedule]: register schedule E:\liuyu\egg\egg-nuxt-ssr\test\node_modules\egg-logrotator\app\schedule\clean_log.js
2020-07-31 18:18:39,783 INFO 32 [egg-schedule]: register schedule E:\liuyu\egg\egg-nuxt-ssr\test\node_modules\egg-logrotator\app\schedule\rotate_by_file.js
2020-07-31 18:18:52,096 INFO 26440 [egg-schedule]: register schedule E:\liuyu\egg\egg-nuxt-ssr\test\node_modules\egg-multipart\app\schedule\clean_tmpdir.js
2020-07-31 18:18:52,096 INFO 26440 [egg-schedule]: register schedule E:\liuyu\egg\egg-nuxt-ssr\test\node_modules\egg-logrotator\app\schedule\clean_log.js
2020-07-31 18:18:52,096 INFO 26440 [egg-schedule]: register schedule E:\liuyu\egg\egg-nuxt-ssr\test\node_modules\egg-logrotator\app\schedule\rotate_by_file.js
2020-08-06 10:28:10,039 INFO 6164 [egg-schedule]: register schedule E:\liuyu\egg\egg-nuxt-ssr\test\node_modules\egg-multipart\app\schedule\clean_tmpdir.js
2020-08-06 10:28:10,039 INFO 6164 [egg-schedule]: register schedule E:\liuyu\egg\egg-nuxt-ssr\test\node_modules\egg-logrotator\app\schedule\clean_log.js
2020-08-06 10:28:10,039 INFO 6164 [egg-schedule]: register schedule E:\liuyu\egg\egg-nuxt-ssr\test\node_modules\egg-logrotator\app\schedule\rotate_by_file.js
2020-08-06 10:28:13,110 INFO 8652 [Timer] E:\liuyu\egg\egg-nuxt-ssr\test\node_modules\egg-multipart\app\schedule\clean_tmpdir.js next time will execute after 64906895ms at 2020-08-07 04:30:00.005
2020-08-06 10:28:13,111 INFO 8652 [Timer] E:\liuyu\egg\egg-nuxt-ssr\test\node_modules\egg-logrotator\app\schedule\clean_log.js next time will execute after 48706890ms at 2020-08-07 00:00:00.001
2020-08-06 10:28:13,112 INFO 8652 [Timer] E:\liuyu\egg\egg-nuxt-ssr\test\node_modules\egg-logrotator\app\schedule\rotate_by_file.js next time will execute after 48707889ms at 2020-08-07 00:00:01.001
2020-08-06 10:30:50,497 INFO 23412 [egg-schedule]: register schedule E:\liuyu\egg\egg-nuxt-ssr\test\node_modules\egg-multipart\app\schedule\clean_tmpdir.js
2020-08-06 10:30:50,497 INFO 23412 [egg-schedule]: register schedule E:\liuyu\egg\egg-nuxt-ssr\test\node_modules\egg-logrotator\app\schedule\clean_log.js
2020-08-06 10:30:50,497 INFO 23412 [egg-schedule]: register schedule E:\liuyu\egg\egg-nuxt-ssr\test\node_modules\egg-logrotator\app\schedule\rotate_by_file.js
2020-08-06 10:32:33,438 INFO 20368 [egg-schedule]: register schedule E:\liuyu\egg\egg-nuxt-ssr\test\node_modules\egg-multipart\app\schedule\clean_tmpdir.js
2020-08-06 10:32:33,438 INFO 20368 [egg-schedule]: register schedule E:\liuyu\egg\egg-nuxt-ssr\test\node_modules\egg-logrotator\app\schedule\clean_log.js
2020-08-06 10:32:33,438 INFO 20368 [egg-schedule]: register schedule E:\liuyu\egg\egg-nuxt-ssr\test\node_modules\egg-logrotator\app\schedule\rotate_by_file.js
2020-08-06 10:33:04,661 INFO 22500 [egg-schedule]: register schedule E:\liuyu\egg\egg-nuxt-ssr\test\node_modules\egg-multipart\app\schedule\clean_tmpdir.js
2020-08-06 10:33:04,661 INFO 22500 [egg-schedule]: register schedule E:\liuyu\egg\egg-nuxt-ssr\test\node_modules\egg-logrotator\app\schedule\clean_log.js
2020-08-06 10:33:04,661 INFO 22500 [egg-schedule]: register schedule E:\liuyu\egg\egg-nuxt-ssr\test\node_modules\egg-logrotator\app\schedule\rotate_by_file.js
2020-08-06 10:36:08,731 INFO 14844 [egg-schedule]: register schedule E:\liuyu\egg\egg-nuxt-ssr\test\node_modules\egg-multipart\app\schedule\clean_tmpdir.js
2020-08-06 10:36:08,731 INFO 14844 [egg-schedule]: register schedule E:\liuyu\egg\egg-nuxt-ssr\test\node_modules\egg-logrotator\app\schedule\clean_log.js
2020-08-06 10:36:08,731 INFO 14844 [egg-schedule]: register schedule E:\liuyu\egg\egg-nuxt-ssr\test\node_modules\egg-logrotator\app\schedule\rotate_by_file.js
2020-08-06 10:40:00,567 INFO 2668 [egg-schedule]: register schedule E:\liuyu\egg\egg-nuxt-ssr\test\node_modules\egg-multipart\app\schedule\clean_tmpdir.js
2020-08-06 10:40:00,567 INFO 2668 [egg-schedule]: register schedule E:\liuyu\egg\egg-nuxt-ssr\test\node_modules\egg-logrotator\app\schedule\clean_log.js
2020-08-06 10:40:00,567 INFO 2668 [egg-schedule]: register schedule E:\liuyu\egg\egg-nuxt-ssr\test\node_modules\egg-logrotator\app\schedule\rotate_by_file.js
2020-08-06 10:43:05,930 INFO 17016 [egg-schedule]: register schedule E:\liuyu\egg\egg-nuxt-ssr\test\node_modules\egg-multipart\app\schedule\clean_tmpdir.js
2020-08-06 10:43:05,930 INFO 17016 [egg-schedule]: register schedule E:\liuyu\egg\egg-nuxt-ssr\test\node_modules\egg-logrotator\app\schedule\clean_log.js
2020-08-06 10:43:05,930 INFO 17016 [egg-schedule]: register schedule E:\liuyu\egg\egg-nuxt-ssr\test\node_modules\egg-logrotator\app\schedule\rotate_by_file.js
2020-08-06 10:59:04,834 INFO 10388 [Timer] E:\liuyu\egg\egg-nuxt-ssr\test\node_modules\egg-multipart\app\schedule\clean_tmpdir.js next time will execute after 63055171ms at 2020-08-07 04:30:00.005
2020-08-06 10:59:04,835 INFO 10388 [Timer] E:\liuyu\egg\egg-nuxt-ssr\test\node_modules\egg-logrotator\app\schedule\clean_log.js next time will execute after 46855166ms at 2020-08-07 00:00:00.001
2020-08-06 10:59:04,836 INFO 10388 [Timer] E:\liuyu\egg\egg-nuxt-ssr\test\node_modules\egg-logrotator\app\schedule\rotate_by_file.js next time will execute after 46856165ms at 2020-08-07 00:00:01.001
2020-08-06 10:59:04,012 INFO 12816 [egg-schedule]: register schedule E:\liuyu\egg\egg-nuxt-ssr\test\node_modules\egg-multipart\app\schedule\clean_tmpdir.js
2020-08-06 10:59:04,012 INFO 12816 [egg-schedule]: register schedule E:\liuyu\egg\egg-nuxt-ssr\test\node_modules\egg-logrotator\app\schedule\clean_log.js
2020-08-06 10:59:04,012 INFO 12816 [egg-schedule]: register schedule E:\liuyu\egg\egg-nuxt-ssr\test\node_modules\egg-logrotator\app\schedule\rotate_by_file.js
2020-08-06 11:00:28,364 INFO 26140 [egg-schedule]: register schedule E:\liuyu\egg\egg-nuxt-ssr\test\node_modules\egg-multipart\app\schedule\clean_tmpdir.js
2020-08-06 11:00:28,366 INFO 26140 [egg-schedule]: register schedule E:\liuyu\egg\egg-nuxt-ssr\test\node_modules\egg-logrotator\app\schedule\clean_log.js
2020-08-06 11:00:28,366 INFO 26140 [egg-schedule]: register schedule E:\liuyu\egg\egg-nuxt-ssr\test\node_modules\egg-logrotator\app\schedule\rotate_by_file.js
2020-08-06 11:05:46,778 INFO 27544 [egg-schedule]: register schedule E:\liuyu\egg\egg-nuxt-ssr\test\node_modules\egg-multipart\app\schedule\clean_tmpdir.js
2020-08-06 11:05:46,778 INFO 27544 [egg-schedule]: register schedule E:\liuyu\egg\egg-nuxt-ssr\test\node_modules\egg-logrotator\app\schedule\clean_log.js
2020-08-06 11:05:46,778 INFO 27544 [egg-schedule]: register schedule E:\liuyu\egg\egg-nuxt-ssr\test\node_modules\egg-logrotator\app\schedule\rotate_by_file.js
2020-08-06 11:05:49,237 INFO 13200 [Timer] E:\liuyu\egg\egg-nuxt-ssr\test\node_modules\egg-multipart\app\schedule\clean_tmpdir.js next time will execute after 62650768ms at 2020-08-07 04:30:00.005
2020-08-06 11:05:49,238 INFO 13200 [Timer] E:\liuyu\egg\egg-nuxt-ssr\test\node_modules\egg-logrotator\app\schedule\clean_log.js next time will execute after 46450763ms at 2020-08-07 00:00:00.001
2020-08-06 11:05:49,238 INFO 13200 [Timer] E:\liuyu\egg\egg-nuxt-ssr\test\node_modules\egg-logrotator\app\schedule\rotate_by_file.js next time will execute after 46451762ms at 2020-08-07 00:00:01.000
2020-08-06 11:05:54,871 INFO 25692 [egg-schedule]: register schedule E:\liuyu\egg\egg-nuxt-ssr\test\node_modules\egg-multipart\app\schedule\clean_tmpdir.js
2020-08-06 11:05:54,871 INFO 25692 [egg-schedule]: register schedule E:\liuyu\egg\egg-nuxt-ssr\test\node_modules\egg-logrotator\app\schedule\clean_log.js
2020-08-06 11:05:54,871 INFO 25692 [egg-schedule]: register schedule E:\liuyu\egg\egg-nuxt-ssr\test\node_modules\egg-logrotator\app\schedule\rotate_by_file.js
2020-08-06 11:09:11,563 INFO 9064 [egg-schedule]: register schedule E:\liuyu\egg\egg-nuxt-ssr\test\node_modules\egg-multipart\app\schedule\clean_tmpdir.js
2020-08-06 11:09:11,563 INFO 9064 [egg-schedule]: register schedule E:\liuyu\egg\egg-nuxt-ssr\test\node_modules\egg-logrotator\app\schedule\clean_log.js
2020-08-06 11:09:11,563 INFO 9064 [egg-schedule]: register schedule E:\liuyu\egg\egg-nuxt-ssr\test\node_modules\egg-logrotator\app\schedule\rotate_by_file.js
2020-08-06 11:16:17,180 INFO 15212 [egg-schedule]: register schedule E:\liuyu\egg\egg-nuxt-ssr\test\node_modules\egg-multipart\app\schedule\clean_tmpdir.js
2020-08-06 11:16:17,180 INFO 15212 [egg-schedule]: register schedule E:\liuyu\egg\egg-nuxt-ssr\test\node_modules\egg-logrotator\app\schedule\clean_log.js
2020-08-06 11:16:17,180 INFO 15212 [egg-schedule]: register schedule E:\liuyu\egg\egg-nuxt-ssr\test\node_modules\egg-logrotator\app\schedule\rotate_by_file.js
2020-08-06 11:16:30,464 INFO 23064 [egg-schedule]: register schedule E:\liuyu\egg\egg-nuxt-ssr\test\node_modules\egg-multipart\app\schedule\clean_tmpdir.js
2020-08-06 11:16:30,464 INFO 23064 [egg-schedule]: register schedule E:\liuyu\egg\egg-nuxt-ssr\test\node_modules\egg-logrotator\app\schedule\clean_log.js
2020-08-06 11:16:30,464 INFO 23064 [egg-schedule]: register schedule E:\liuyu\egg\egg-nuxt-ssr\test\node_modules\egg-logrotator\app\schedule\rotate_by_file.js
2020-08-06 11:20:13,494 INFO 24700 [egg-schedule]: register schedule E:\liuyu\egg\egg-nuxt-ssr\test\node_modules\egg-multipart\app\schedule\clean_tmpdir.js
2020-08-06 11:20:13,494 INFO 24700 [egg-schedule]: register schedule E:\liuyu\egg\egg-nuxt-ssr\test\node_modules\egg-logrotator\app\schedule\clean_log.js
2020-08-06 11:20:13,494 INFO 24700 [egg-schedule]: register schedule E:\liuyu\egg\egg-nuxt-ssr\test\node_modules\egg-logrotator\app\schedule\rotate_by_file.js
2020-08-06 11:21:46,934 INFO 11140 [egg-schedule]: register schedule E:\liuyu\egg\egg-nuxt-ssr\test\node_modules\egg-multipart\app\schedule\clean_tmpdir.js
2020-08-06 11:21:46,934 INFO 11140 [egg-schedule]: register schedule E:\liuyu\egg\egg-nuxt-ssr\test\node_modules\egg-logrotator\app\schedule\clean_log.js
2020-08-06 11:21:46,934 INFO 11140 [egg-schedule]: register schedule E:\liuyu\egg\egg-nuxt-ssr\test\node_modules\egg-logrotator\app\schedule\rotate_by_file.js
2020-08-06 11:24:04,116 INFO 22268 [egg-schedule]: register schedule E:\liuyu\egg\egg-nuxt-ssr\test\node_modules\egg-multipart\app\schedule\clean_tmpdir.js
2020-08-06 11:24:04,116 INFO 22268 [egg-schedule]: register schedule E:\liuyu\egg\egg-nuxt-ssr\test\node_modules\egg-logrotator\app\schedule\clean_log.js
2020-08-06 11:24:04,116 INFO 22268 [egg-schedule]: register schedule E:\liuyu\egg\egg-nuxt-ssr\test\node_modules\egg-logrotator\app\schedule\rotate_by_file.js
2020-08-06 11:24:41,259 INFO 27792 [egg-schedule]: register schedule E:\liuyu\egg\egg-nuxt-ssr\test\node_modules\egg-multipart\app\schedule\clean_tmpdir.js
2020-08-06 11:24:41,259 INFO 27792 [egg-schedule]: register schedule E:\liuyu\egg\egg-nuxt-ssr\test\node_modules\egg-logrotator\app\schedule\clean_log.js
2020-08-06 11:24:41,259 INFO 27792 [egg-schedule]: register schedule E:\liuyu\egg\egg-nuxt-ssr\test\node_modules\egg-logrotator\app\schedule\rotate_by_file.js
2020-08-06 12:00:32,359 INFO 17132 [egg-schedule]: register schedule E:\liuyu\egg\egg-nuxt-ssr\test\node_modules\egg-multipart\app\schedule\clean_tmpdir.js
2020-08-06 12:00:32,359 INFO 17132 [egg-schedule]: register schedule E:\liuyu\egg\egg-nuxt-ssr\test\node_modules\egg-logrotator\app\schedule\clean_log.js
2020-08-06 12:00:32,359 INFO 17132 [egg-schedule]: register schedule E:\liuyu\egg\egg-nuxt-ssr\test\node_modules\egg-logrotator\app\schedule\rotate_by_file.js
2020-08-06 12:00:35,154 INFO 28092 [Timer] E:\liuyu\egg\egg-nuxt-ssr\test\node_modules\egg-multipart\app\schedule\clean_tmpdir.js next time will execute after 59364851ms at 2020-08-07 04:30:00.005
2020-08-06 12:00:35,155 INFO 28092 [Timer] E:\liuyu\egg\egg-nuxt-ssr\test\node_modules\egg-logrotator\app\schedule\clean_log.js next time will execute after 43164846ms at 2020-08-07 00:00:00.001
2020-08-06 12:00:35,156 INFO 28092 [Timer] E:\liuyu\egg\egg-nuxt-ssr\test\node_modules\egg-logrotator\app\schedule\rotate_by_file.js next time will execute after 43165845ms at 2020-08-07 00:00:01.001
2020-08-06 12:00:48,952 INFO 15920 [egg-schedule]: register schedule E:\liuyu\egg\egg-nuxt-ssr\test\node_modules\egg-multipart\app\schedule\clean_tmpdir.js
2020-08-06 12:00:48,952 INFO 15920 [egg-schedule]: register schedule E:\liuyu\egg\egg-nuxt-ssr\test\node_modules\egg-logrotator\app\schedule\clean_log.js
2020-08-06 12:00:48,952 INFO 15920 [egg-schedule]: register schedule E:\liuyu\egg\egg-nuxt-ssr\test\node_modules\egg-logrotator\app\schedule\rotate_by_file.js
2020-08-06 13:45:06,439 INFO 20160 [egg-schedule]: register schedule E:\liuyu\egg\egg-nuxt-ssr\test\node_modules\egg-multipart\app\schedule\clean_tmpdir.js
2020-08-06 13:45:06,439 INFO 20160 [egg-schedule]: register schedule E:\liuyu\egg\egg-nuxt-ssr\test\node_modules\egg-logrotator\app\schedule\clean_log.js
2020-08-06 13:45:06,439 INFO 20160 [egg-schedule]: register schedule E:\liuyu\egg\egg-nuxt-ssr\test\node_modules\egg-logrotator\app\schedule\rotate_by_file.js
2020-08-06 14:32:44,887 INFO 18916 [egg-schedule]: register schedule E:\liuyu\egg\egg-nuxt-ssr\test\node_modules\egg-multipart\app\schedule\clean_tmpdir.js
2020-08-06 14:32:44,887 INFO 18916 [egg-schedule]: register schedule E:\liuyu\egg\egg-nuxt-ssr\test\node_modules\egg-logrotator\app\schedule\clean_log.js
2020-08-06 14:32:44,887 INFO 18916 [egg-schedule]: register schedule E:\liuyu\egg\egg-nuxt-ssr\test\node_modules\egg-logrotator\app\schedule\rotate_by_file.js
2020-08-06 14:33:15,836 INFO 11788 [egg-schedule]: register schedule E:\liuyu\egg\egg-nuxt-ssr\test\node_modules\egg-multipart\app\schedule\clean_tmpdir.js
2020-08-06 14:33:15,836 INFO 11788 [egg-schedule]: register schedule E:\liuyu\egg\egg-nuxt-ssr\test\node_modules\egg-logrotator\app\schedule\clean_log.js
2020-08-06 14:33:15,836 INFO 11788 [egg-schedule]: register schedule E:\liuyu\egg\egg-nuxt-ssr\test\node_modules\egg-logrotator\app\schedule\rotate_by_file.js
2020-08-06 17:03:10,772 INFO 192 [egg-schedule]: register schedule E:\liuyu\egg\egg-nuxt-ssr\test\node_modules\egg-multipart\app\schedule\clean_tmpdir.js
2020-08-06 17:03:10,772 INFO 192 [egg-schedule]: register schedule E:\liuyu\egg\egg-nuxt-ssr\test\node_modules\egg-logrotator\app\schedule\clean_log.js
2020-08-06 17:03:10,772 INFO 192 [egg-schedule]: register schedule E:\liuyu\egg\egg-nuxt-ssr\test\node_modules\egg-logrotator\app\schedule\rotate_by_file.js
2020-08-06 17:03:13,311 INFO 11288 [Timer] E:\liuyu\egg\egg-nuxt-ssr\test\node_modules\egg-multipart\app\schedule\clean_tmpdir.js next time will execute after 41206694ms at 2020-08-07 04:30:00.005
2020-08-06 17:03:13,312 INFO 11288 [Timer] E:\liuyu\egg\egg-nuxt-ssr\test\node_modules\egg-logrotator\app\schedule\clean_log.js next time will execute after 25006689ms at 2020-08-07 00:00:00.001
2020-08-06 17:03:13,313 INFO 11288 [Timer] E:\liuyu\egg\egg-nuxt-ssr\test\node_modules\egg-logrotator\app\schedule\rotate_by_file.js next time will execute after 25007688ms at 2020-08-07 00:00:01.001
2020-08-06 17:15:08,194 INFO 14004 [egg-schedule]: register schedule E:\liuyu\egg\egg-nuxt-ssr\test\node_modules\egg-multipart\app\schedule\clean_tmpdir.js
2020-08-06 17:15:08,194 INFO 14004 [egg-schedule]: register schedule E:\liuyu\egg\egg-nuxt-ssr\test\node_modules\egg-logrotator\app\schedule\clean_log.js
2020-08-06 17:15:08,194 INFO 14004 [egg-schedule]: register schedule E:\liuyu\egg\egg-nuxt-ssr\test\node_modules\egg-logrotator\app\schedule\rotate_by_file.js
2020-08-06 17:15:34,591 INFO 28500 [egg-schedule]: register schedule E:\liuyu\egg\egg-nuxt-ssr\test\node_modules\egg-multipart\app\schedule\clean_tmpdir.js
2020-08-06 17:15:34,591 INFO 28500 [egg-schedule]: register schedule E:\liuyu\egg\egg-nuxt-ssr\test\node_modules\egg-logrotator\app\schedule\clean_log.js
2020-08-06 17:15:34,591 INFO 28500 [egg-schedule]: register schedule E:\liuyu\egg\egg-nuxt-ssr\test\node_modules\egg-logrotator\app\schedule\rotate_by_file.js
2020-08-06 17:16:41,991 INFO 7664 [egg-schedule]: register schedule E:\liuyu\egg\egg-nuxt-ssr\test\node_modules\egg-multipart\app\schedule\clean_tmpdir.js
2020-08-06 17:16:41,991 INFO 7664 [egg-schedule]: register schedule E:\liuyu\egg\egg-nuxt-ssr\test\node_modules\egg-logrotator\app\schedule\clean_log.js
2020-08-06 17:16:41,991 INFO 7664 [egg-schedule]: register schedule E:\liuyu\egg\egg-nuxt-ssr\test\node_modules\egg-logrotator\app\schedule\rotate_by_file.js
2020-08-06 17:27:10,611 INFO 26168 [egg-schedule]: register schedule E:\liuyu\egg\egg-nuxt-ssr\test\node_modules\egg-multipart\app\schedule\clean_tmpdir.js
2020-08-06 17:27:10,611 INFO 26168 [egg-schedule]: register schedule E:\liuyu\egg\egg-nuxt-ssr\test\node_modules\egg-logrotator\app\schedule\clean_log.js
2020-08-06 17:27:10,611 INFO 26168 [egg-schedule]: register schedule E:\liuyu\egg\egg-nuxt-ssr\test\node_modules\egg-logrotator\app\schedule\rotate_by_file.js
2020-08-06 17:27:25,445 INFO 17352 [egg-schedule]: register schedule E:\liuyu\egg\egg-nuxt-ssr\test\node_modules\egg-multipart\app\schedule\clean_tmpdir.js
2020-08-06 17:27:25,445 INFO 17352 [egg-schedule]: register schedule E:\liuyu\egg\egg-nuxt-ssr\test\node_modules\egg-logrotator\app\schedule\clean_log.js
2020-08-06 17:27:25,445 INFO 17352 [egg-schedule]: register schedule E:\liuyu\egg\egg-nuxt-ssr\test\node_modules\egg-logrotator\app\schedule\rotate_by_file.js
2020-08-06 17:50:23,572 INFO 20864 [egg-schedule]: register schedule E:\liuyu\egg\egg-nuxt-ssr\test\node_modules\egg-multipart\app\schedule\clean_tmpdir.js
2020-08-06 17:50:23,572 INFO 20864 [egg-schedule]: register schedule E:\liuyu\egg\egg-nuxt-ssr\test\node_modules\egg-logrotator\app\schedule\clean_log.js
2020-08-06 17:50:23,572 INFO 20864 [egg-schedule]: register schedule E:\liuyu\egg\egg-nuxt-ssr\test\node_modules\egg-logrotator\app\schedule\rotate_by_file.js
2020-08-06 17:59:33,605 INFO 27764 [egg-schedule]: register schedule E:\liuyu\egg\egg-nuxt-ssr\test\node_modules\egg-multipart\app\schedule\clean_tmpdir.js
2020-08-06 17:59:33,605 INFO 27764 [egg-schedule]: register schedule E:\liuyu\egg\egg-nuxt-ssr\test\node_modules\egg-logrotator\app\schedule\clean_log.js
2020-08-06 17:59:33,605 INFO 27764 [egg-schedule]: register schedule E:\liuyu\egg\egg-nuxt-ssr\test\node_modules\egg-logrotator\app\schedule\rotate_by_file.js
2020-08-06 18:00:03,552 INFO 18444 [egg-schedule]: register schedule E:\liuyu\egg\egg-nuxt-ssr\test\node_modules\egg-multipart\app\schedule\clean_tmpdir.js
2020-08-06 18:00:03,553 INFO 18444 [egg-schedule]: register schedule E:\liuyu\egg\egg-nuxt-ssr\test\node_modules\egg-logrotator\app\schedule\clean_log.js
2020-08-06 18:00:03,553 INFO 18444 [egg-schedule]: register schedule E:\liuyu\egg\egg-nuxt-ssr\test\node_modules\egg-logrotator\app\schedule\rotate_by_file.js
2020-08-06 18:03:14,499 INFO 9528 [egg-schedule]: register schedule E:\liuyu\egg\egg-nuxt-ssr\test\node_modules\egg-multipart\app\schedule\clean_tmpdir.js
2020-08-06 18:03:14,499 INFO 9528 [egg-schedule]: register schedule E:\liuyu\egg\egg-nuxt-ssr\test\node_modules\egg-logrotator\app\schedule\clean_log.js
2020-08-06 18:03:14,500 INFO 9528 [egg-schedule]: register schedule E:\liuyu\egg\egg-nuxt-ssr\test\node_modules\egg-logrotator\app\schedule\rotate_by_file.js
2020-08-06 18:04:10,793 INFO 12528 [egg-schedule]: register schedule E:\liuyu\egg\egg-nuxt-ssr\test\node_modules\egg-multipart\app\schedule\clean_tmpdir.js
2020-08-06 18:04:10,793 INFO 12528 [egg-schedule]: register schedule E:\liuyu\egg\egg-nuxt-ssr\test\node_modules\egg-logrotator\app\schedule\clean_log.js
2020-08-06 18:04:10,793 INFO 12528 [egg-schedule]: register schedule E:\liuyu\egg\egg-nuxt-ssr\test\node_modules\egg-logrotator\app\schedule\rotate_by_file.js
2020-08-06 18:15:31,945 INFO 20056 [egg-schedule]: register schedule E:\liuyu\egg\egg-nuxt-ssr\test\node_modules\egg-multipart\app\schedule\clean_tmpdir.js
2020-08-06 18:15:31,945 INFO 20056 [egg-schedule]: register schedule E:\liuyu\egg\egg-nuxt-ssr\test\node_modules\egg-logrotator\app\schedule\clean_log.js
2020-08-06 18:15:31,945 INFO 20056 [egg-schedule]: register schedule E:\liuyu\egg\egg-nuxt-ssr\test\node_modules\egg-logrotator\app\schedule\rotate_by_file.js
2020-08-06 18:16:53,875 INFO 18516 [egg-schedule]: register schedule E:\liuyu\egg\egg-nuxt-ssr\test\node_modules\egg-multipart\app\schedule\clean_tmpdir.js
2020-08-06 18:16:53,875 INFO 18516 [egg-schedule]: register schedule E:\liuyu\egg\egg-nuxt-ssr\test\node_modules\egg-logrotator\app\schedule\clean_log.js
2020-08-06 18:16:53,875 INFO 18516 [egg-schedule]: register schedule E:\liuyu\egg\egg-nuxt-ssr\test\node_modules\egg-logrotator\app\schedule\rotate_by_file.js
2020-08-06 18:50:28,719 INFO 22224 [egg-schedule]: register schedule E:\liuyu\egg\egg-nuxt-ssr\test\node_modules\egg-multipart\app\schedule\clean_tmpdir.js
2020-08-06 18:50:28,719 INFO 22224 [egg-schedule]: register schedule E:\liuyu\egg\egg-nuxt-ssr\test\node_modules\egg-logrotator\app\schedule\clean_log.js
2020-08-06 18:50:28,719 INFO 22224 [egg-schedule]: register schedule E:\liuyu\egg\egg-nuxt-ssr\test\node_modules\egg-logrotator\app\schedule\rotate_by_file.js
2020-08-07 10:30:57,462 INFO 14044 [egg-schedule]: register schedule E:\liuyu\egg\egg-nuxt-ssr\test\node_modules\egg-multipart\app\schedule\clean_tmpdir.js
2020-08-07 10:30:57,462 INFO 14044 [egg-schedule]: register schedule E:\liuyu\egg\egg-nuxt-ssr\test\node_modules\egg-logrotator\app\schedule\clean_log.js
2020-08-07 10:30:57,462 INFO 14044 [egg-schedule]: register schedule E:\liuyu\egg\egg-nuxt-ssr\test\node_modules\egg-logrotator\app\schedule\rotate_by_file.js
2020-08-07 10:30:58,648 INFO 20628 [Timer] E:\liuyu\egg\egg-nuxt-ssr\test\node_modules\egg-multipart\app\schedule\clean_tmpdir.js next time will execute after 64741357ms at 2020-08-08 04:30:00.005
2020-08-07 10:30:58,649 INFO 20628 [Timer] E:\liuyu\egg\egg-nuxt-ssr\test\node_modules\egg-logrotator\app\schedule\clean_log.js next time will execute after 48541352ms at 2020-08-08 00:00:00.001
2020-08-07 10:30:58,650 INFO 20628 [Timer] E:\liuyu\egg\egg-nuxt-ssr\test\node_modules\egg-logrotator\app\schedule\rotate_by_file.js next time will execute after 48542351ms at 2020-08-08 00:00:01.001
2020-08-07 10:31:01,439 INFO 17484 [egg-schedule]: register schedule E:\liuyu\egg\egg-nuxt-ssr\test\node_modules\egg-multipart\app\schedule\clean_tmpdir.js
2020-08-07 10:31:01,439 INFO 17484 [egg-schedule]: register schedule E:\liuyu\egg\egg-nuxt-ssr\test\node_modules\egg-logrotator\app\schedule\clean_log.js
2020-08-07 10:31:01,439 INFO 17484 [egg-schedule]: register schedule E:\liuyu\egg\egg-nuxt-ssr\test\node_modules\egg-logrotator\app\schedule\rotate_by_file.js
2020-08-07 10:31:16,296 INFO 19460 [egg-schedule]: register schedule E:\liuyu\egg\egg-nuxt-ssr\test\node_modules\egg-multipart\app\schedule\clean_tmpdir.js
2020-08-07 10:31:16,296 INFO 19460 [egg-schedule]: register schedule E:\liuyu\egg\egg-nuxt-ssr\test\node_modules\egg-logrotator\app\schedule\clean_log.js
2020-08-07 10:31:16,296 INFO 19460 [egg-schedule]: register schedule E:\liuyu\egg\egg-nuxt-ssr\test\node_modules\egg-logrotator\app\schedule\rotate_by_file.js
2020-08-07 10:31:35,898 INFO 16000 [egg-schedule]: register schedule E:\liuyu\egg\egg-nuxt-ssr\test\node_modules\egg-multipart\app\schedule\clean_tmpdir.js
2020-08-07 10:31:35,898 INFO 16000 [egg-schedule]: register schedule E:\liuyu\egg\egg-nuxt-ssr\test\node_modules\egg-logrotator\app\schedule\clean_log.js
2020-08-07 10:31:35,898 INFO 16000 [egg-schedule]: register schedule E:\liuyu\egg\egg-nuxt-ssr\test\node_modules\egg-logrotator\app\schedule\rotate_by_file.js
2020-08-07 10:54:32,133 INFO 18412 [egg-schedule]: register schedule E:\liuyu\egg\egg-nuxt-ssr\test\node_modules\egg-multipart\app\schedule\clean_tmpdir.js
2020-08-07 10:54:32,133 INFO 18412 [egg-schedule]: register schedule E:\liuyu\egg\egg-nuxt-ssr\test\node_modules\egg-logrotator\app\schedule\clean_log.js
2020-08-07 10:54:32,133 INFO 18412 [egg-schedule]: register schedule E:\liuyu\egg\egg-nuxt-ssr\test\node_modules\egg-logrotator\app\schedule\rotate_by_file.js
2020-08-07 10:54:32,282 INFO 1468 [egg-schedule]: register schedule E:\liuyu\egg\egg-nuxt-ssr\test\node_modules\egg-multipart\app\schedule\clean_tmpdir.js
2020-08-07 10:54:32,282 INFO 1468 [egg-schedule]: register schedule E:\liuyu\egg\egg-nuxt-ssr\test\node_modules\egg-logrotator\app\schedule\clean_log.js
2020-08-07 10:54:32,282 INFO 1468 [egg-schedule]: register schedule E:\liuyu\egg\egg-nuxt-ssr\test\node_modules\egg-logrotator\app\schedule\rotate_by_file.js
2020-08-07 10:54:32,347 INFO 19424 [egg-schedule]: register schedule E:\liuyu\egg\egg-nuxt-ssr\test\node_modules\egg-multipart\app\schedule\clean_tmpdir.js
2020-08-07 10:54:32,347 INFO 19424 [egg-schedule]: register schedule E:\liuyu\egg\egg-nuxt-ssr\test\node_modules\egg-logrotator\app\schedule\clean_log.js
2020-08-07 10:54:32,347 INFO 19424 [egg-schedule]: register schedule E:\liuyu\egg\egg-nuxt-ssr\test\node_modules\egg-logrotator\app\schedule\rotate_by_file.js
2020-08-07 10:54:32,475 INFO 19756 [egg-schedule]: register schedule E:\liuyu\egg\egg-nuxt-ssr\test\node_modules\egg-multipart\app\schedule\clean_tmpdir.js
2020-08-07 10:54:32,475 INFO 19756 [egg-schedule]: register schedule E:\liuyu\egg\egg-nuxt-ssr\test\node_modules\egg-logrotator\app\schedule\clean_log.js
2020-08-07 10:54:32,475 INFO 19756 [egg-schedule]: register schedule E:\liuyu\egg\egg-nuxt-ssr\test\node_modules\egg-logrotator\app\schedule\rotate_by_file.js
2020-08-07 10:54:34,905 INFO 10664 [Timer] E:\liuyu\egg\egg-nuxt-ssr\test\node_modules\egg-multipart\app\schedule\clean_tmpdir.js next time will execute after 63325101ms at 2020-08-08 04:30:00.006
2020-08-07 10:54:34,906 INFO 10664 [Timer] E:\liuyu\egg\egg-nuxt-ssr\test\node_modules\egg-logrotator\app\schedule\clean_log.js next time will execute after 47125094ms at 2020-08-08 00:00:00.000
2020-08-07 10:54:34,907 INFO 10664 [Timer] E:\liuyu\egg\egg-nuxt-ssr\test\node_modules\egg-logrotator\app\schedule\rotate_by_file.js next time will execute after 47126093ms at 2020-08-08 00:00:01.000
